<?xml version="1.0" encoding="utf-8"?><testsuite errors="0" failures="0" name="pytest" skips="0" tests="4" time="3.134"><testcase classname="ftp.user_test" file="ftp.py" line="13" name="test_01_Configuring_ftp_service" time="1.0369985103607178"></testcase><testcase classname="ftp.user_test" file="ftp.py" line="17" name="test_02_Starting_ftp_service" time="1.4578900337219238"></testcase><testcase classname="ftp.user_test" file="ftp.py" line="21" name="test_03_Checking_to_see_if_FTP_service_is_enabled" time="0.285921573638916"></testcase><testcase classname="ftp.user_test" file="ftp.py" line="24" name="test_04_Fetching_file_via_FTP" time="0.09709763526916504"></testcase></testsuite>