<?xml version="1.0" encoding="utf-8"?><testsuite errors="0" failures="0" name="pytest" skips="0" tests="3" time="7.447"><testcase classname="ntp.ntp_test" file="ntp.py" line="12" name="test_01_Changing_permissions_on_share" time="5.7588746547698975"></testcase><testcase classname="ntp.ntp_test" file="ntp.py" line="25" name="test_02_Removing_non_AD_NTP_servers_1sur2" time="0.7258269786834717"></testcase><testcase classname="ntp.ntp_test" file="ntp.py" line="28" name="test_03_Removing_non_AD_NTP_servers_2sur2" time="0.7269577980041504"></testcase></testsuite>