<?xml version="1.0" encoding="utf-8"?><testsuite errors="0" failures="0" name="pytest" skips="0" tests="6" time="7.099"><testcase classname="ssh.ssh_test" file="ssh.py" line="12" name="test_1_Configuring_ssh_settings" time="0.8852810859680176"></testcase><testcase classname="ssh.ssh_test" file="ssh.py" line="16" name="test_2_Enabling_ssh_service" time="2.5384392738342285"></testcase><testcase classname="ssh.ssh_test" file="ssh.py" line="20" name="test_3_Checking_ssh_enabled" time="0.7696418762207031"></testcase><testcase classname="ssh.ssh_test" file="ssh.py" line="23" name="test_4_Ensure_ssh_agent_is_setup" time="0.00035452842712402344"></testcase><testcase classname="ssh.ssh_test" file="ssh.py" line="26" name="test_5_Ensure_ssh_key_is_up" time="0.08712649345397949"><system-out>ssh-rsa AAAAB3NzaC1yc2EAAAADAQABAAABAQC/iwwlteco3AcNJzcx6OJdKuNUAp7ljFDKs3Gtu+vOtpTye4TMQCGUpTeEEGqCqnzztS6dxmUE6rKYZeI8cLdb4M2XdoX1kVDtRH0WB5wv0fso7sR68WWjHGqGaS3xwohxvyH8bJ9WX1lEXNboU8qN4YQScRsk9mJWLYrDWuLo/S0ixoLcisyXuUwbxENilgFL8ey3khZUqwKWtOIOo+RyyWlJfa2iyndv+i118EevG80FtkmxflQKClD7S62HJDKXI/s5Sm/Ngp9hEBIdZo3dHWiNhD97timNFgWaO5WVa9sg6+A0du7DEXQpNlx58xaaJ/tP5tLgX9Oy4gY0onzd /usr/home/eturgeon/.ssh/test_id_rsa
ssh-rsa AAAAB3NzaC1yc2EAAAADAQABAAABAQC/iwwlteco3AcNJzcx6OJdKuNUAp7ljFDKs3Gtu+vOtpTye4TMQCGUpTeEEGqCqnzztS6dxmUE6rKYZeI8cLdb4M2XdoX1kVDtRH0WB5wv0fso7sR68WWjHGqGaS3xwohxvyH8bJ9WX1lEXNboU8qN4YQScRsk9mJWLYrDWuLo/S0ixoLcisyXuUwbxENilgFL8ey3khZUqwKWtOIOo+RyyWlJfa2iyndv+i118EevG80FtkmxflQKClD7S62HJDKXI/s5Sm/Ngp9hEBIdZo3dHWiNhD97timNFgWaO5WVa9sg6+A0du7DEXQpNlx58xaaJ/tP5tLgX9Oy4gY0onzd eturgeon@eric-laptop.tn.ixsystems.com
</system-out></testcase><testcase classname="ssh.ssh_test" file="ssh.py" line="29" name="test_6_Add_ssh_ky_to_root" time="2.582582950592041"></testcase></testsuite>