<?xml version="1.0" encoding="utf-8"?><testsuite errors="0" failures="0" name="pytest" skips="0" tests="11" time="18.353"><testcase classname="storage.storage_test" file="storage.py" line="12" name="test_01_Check_getting_disks" time="0.06890988349914551"></testcase><testcase classname="storage.storage_test" file="storage.py" line="15" name="test_02_Check_getting_disks" time="0.020534515380859375"></testcase><testcase classname="storage.storage_test" file="storage.py" line="18" name="test_03_Check_creating_a_zpool" time="17.375169277191162"></testcase><testcase classname="storage.storage_test" file="storage.py" line="23" name="test_04_Check_creating_dataset_01_20_share" time="0.1394352912902832"></testcase><testcase classname="storage.storage_test" file="storage.py" line="27" name="test_05_Check_creating_dataset_02_20_jails" time="0.060025691986083984"></testcase><testcase classname="storage.storage_test" file="storage.py" line="31" name="test_06_Changing_permissions_on_share" time="0.08917641639709473"></testcase><testcase classname="storage.storage_test" file="storage.py" line="39" name="test_07_Changing_permissions_on_share" time="0.08548545837402344"></testcase><testcase classname="storage.storage_test" file="storage.py" line="47" name="test_08_Creating_a_ZFS_snapshot" time="0.07542800903320312"></testcase><testcase classname="storage.storage_test" file="storage.py" line="51" name="test_09_Creating_dataset_for_testing_snapshot" time="0.05867290496826172"></testcase><testcase classname="storage.storage_test" file="storage.py" line="55" name="test_10_Creating_a_ZVOL_1sur2" time="0.0693974494934082"></testcase><testcase classname="storage.storage_test" file="storage.py" line="59" name="test_11_Creating_a_ZVOL_2sur2" time="0.0665273666381836"></testcase></testsuite>