<?xml version="1.0" encoding="utf-8"?><testsuite errors="0" failures="0" name="pytest" skips="0" tests="3" time="6.935"><testcase classname="user.user_test" file="user.py" line="12" name="test_01_Creating_home_dataset_tank_sur_testuser" time="0.06611275672912598"></testcase><testcase classname="user.user_test" file="user.py" line="16" name="test_02_Creating_user_testuser" time="3.004290819168091"></testcase><testcase classname="user.user_test" file="user.py" line="27" name="test_03_Setting_user_groups_wheel_ftp" time="3.6282615661621094"></testcase></testsuite>